

 ***** Sun May 05 2024 05:59:57 GMT+0000 (Coordinated Universal Time) *****  

did not pass treshold condition on BTCUSDT, price = 63211.66, treshold = [object Object] 


 ***** Sun May 05 2024 06:59:57 GMT+0000 (Coordinated Universal Time) *****  

did not pass treshold condition on BTCUSDT, price = 63382.83, treshold = [object Object] 


 ***** Sun May 05 2024 07:59:57 GMT+0000 (Coordinated Universal Time) *****  

did not pass treshold condition on BTCUSDT, price = 63736.86, treshold = [object Object] 


 ***** Sun May 05 2024 08:59:57 GMT+0000 (Coordinated Universal Time) *****  

did not pass treshold condition on BTCUSDT, price = 63667.99, treshold = [object Object] 


 ***** Sun May 05 2024 18:44:57 GMT+0000 (Coordinated Universal Time) *****  
quantity 3Symbol : WIFUSDC, quantity : 3 
isoBuy and Borrow. 
{
  "symbol": "WIFUSDC",
  "orderId": 7744861,
  "clientOrderId": "aUapWdoGIJg7I9KE0DnyoK",
  "transactTime": 1714934698814,
  "price": "0",
  "origQty": "3",
  "executedQty": "3",
  "cummulativeQuoteQty": "9.6984",
  "status": "FILLED",
  "timeInForce": "GTC",
  "type": "MARKET",
  "side": "BUY",
  "fills": [
    {
      "price": "3.2328",
      "qty": "3",
      "commission": "0.00285",
      "commissionAsset": "WIF",
      "tradeId": 52276
    }
  ],
  "isIsolated": true,
  "selfTradePreventionMode": "EXPIRE_MAKER"
}
{
  "symbol": "WIFUSDC",
  "orderId": 7744861,
  "clientOrderId": "aUapWdoGIJg7I9KE0DnyoK",
  "transactTime": 1714934698814,
  "price": "0",
  "origQty": "3",
  "executedQty": "3",
  "cummulativeQuoteQty": "9.6984",
  "status": "FILLED",
  "timeInForce": "GTC",
  "type": "MARKET",
  "side": "BUY",
  "fills": [
    {
      "price": "3.2328",
      "qty": "3",
      "commission": "0.00285",
      "commissionAsset": "WIF",
      "tradeId": 52276
    }
  ],
  "isIsolated": true,
  "selfTradePreventionMode": "EXPIRE_MAKER"
}
symbol WIFUSDC, quantity : 2.99, stopPrice : 3.2231, limit : 3.2198 
placed stop loss
{
  "symbol": "WIFUSDC",
  "orderId": 7744862,
  "clientOrderId": "YshkdasbvCm7aPoL3VhDlG",
  "transactTime": 1714934699479,
  "type": "STOP_LOSS_LIMIT",
  "side": "SELL",
  "isIsolated": true
}
